mode: atomic
gitlab.com/j4ng5y/google-domains-dynamic-dns/gdyndns.go:29.57,31.19 2 12
gitlab.com/j4ng5y/google-domains-dynamic-dns/gdyndns.go:40.2,41.14 2 11
gitlab.com/j4ng5y/google-domains-dynamic-dns/gdyndns.go:31.19,33.17 2 11
gitlab.com/j4ng5y/google-domains-dynamic-dns/gdyndns.go:33.17,35.4 1 0
gitlab.com/j4ng5y/google-domains-dynamic-dns/gdyndns.go:36.8,38.3 1 1
gitlab.com/j4ng5y/google-domains-dynamic-dns/gdyndns.go:42.21,44.13 2 1
gitlab.com/j4ng5y/google-domains-dynamic-dns/gdyndns.go:45.25,47.13 2 1
gitlab.com/j4ng5y/google-domains-dynamic-dns/gdyndns.go:48.23,49.96 1 1
gitlab.com/j4ng5y/google-domains-dynamic-dns/gdyndns.go:50.24,51.102 1 1
gitlab.com/j4ng5y/google-domains-dynamic-dns/gdyndns.go:52.24,53.95 1 1
gitlab.com/j4ng5y/google-domains-dynamic-dns/gdyndns.go:54.25,55.122 1 1
gitlab.com/j4ng5y/google-domains-dynamic-dns/gdyndns.go:56.22,57.140 1 1
gitlab.com/j4ng5y/google-domains-dynamic-dns/gdyndns.go:58.20,59.88 1 1
gitlab.com/j4ng5y/google-domains-dynamic-dns/gdyndns.go:60.25,61.182 1 2
gitlab.com/j4ng5y/google-domains-dynamic-dns/gdyndns.go:62.10,63.69 1 1
gitlab.com/j4ng5y/google-domains-dynamic-dns/gdyndns.go:67.49,69.17 2 0
gitlab.com/j4ng5y/google-domains-dynamic-dns/gdyndns.go:77.2,78.16 2 0
gitlab.com/j4ng5y/google-domains-dynamic-dns/gdyndns.go:81.2,81.27 1 0
gitlab.com/j4ng5y/google-domains-dynamic-dns/gdyndns.go:69.17,73.3 3 0
gitlab.com/j4ng5y/google-domains-dynamic-dns/gdyndns.go:73.8,75.3 1 0
gitlab.com/j4ng5y/google-domains-dynamic-dns/gdyndns.go:78.16,80.3 1 0
gitlab.com/j4ng5y/google-domains-dynamic-dns/gdyndns.go:84.43,89.16 4 0
gitlab.com/j4ng5y/google-domains-dynamic-dns/gdyndns.go:93.2,97.16 4 0
gitlab.com/j4ng5y/google-domains-dynamic-dns/gdyndns.go:101.2,103.50 2 0
gitlab.com/j4ng5y/google-domains-dynamic-dns/gdyndns.go:107.2,107.12 1 0
gitlab.com/j4ng5y/google-domains-dynamic-dns/gdyndns.go:89.16,91.3 1 0
gitlab.com/j4ng5y/google-domains-dynamic-dns/gdyndns.go:97.16,99.3 1 0
gitlab.com/j4ng5y/google-domains-dynamic-dns/gdyndns.go:103.50,105.3 1 0
gitlab.com/j4ng5y/google-domains-dynamic-dns/gdyndns.go:110.13,118.9 7 0
gitlab.com/j4ng5y/google-domains-dynamic-dns/gdyndns.go:127.2,128.16 2 0
gitlab.com/j4ng5y/google-domains-dynamic-dns/gdyndns.go:132.2,132.103 1 0
gitlab.com/j4ng5y/google-domains-dynamic-dns/gdyndns.go:119.35,120.44 1 0
gitlab.com/j4ng5y/google-domains-dynamic-dns/gdyndns.go:121.35,122.44 1 0
gitlab.com/j4ng5y/google-domains-dynamic-dns/gdyndns.go:123.35,124.44 1 0
gitlab.com/j4ng5y/google-domains-dynamic-dns/gdyndns.go:128.16,130.3 1 0
gitlab.com/j4ng5y/google-domains-dynamic-dns/gdyndns.go:132.103,134.3 1 0
